{
  "/Users/alexkim/Documents/Development/work-with/backend/models/user.model.js": {
    "path": "/Users/alexkim/Documents/Development/work-with/backend/models/user.model.js",
    "statementMap": {
      "0": {
        "start": { "line": 2, "column": 17 },
        "end": { "line": 2, "column": 36 }
      },
      "1": {
        "start": { "line": 3, "column": 15 },
        "end": { "line": 3, "column": 32 }
      },
      "2": {
        "start": { "line": 4, "column": 12 },
        "end": { "line": 4, "column": 35 }
      },
      "3": {
        "start": { "line": 5, "column": 10 },
        "end": { "line": 5, "column": 27 }
      },
      "4": {
        "start": { "line": 6, "column": 23 },
        "end": { "line": 6, "column": 58 }
      },
      "5": {
        "start": { "line": 7, "column": 13 },
        "end": { "line": 7, "column": 44 }
      },
      "6": {
        "start": { "line": 9, "column": 19 },
        "end": { "line": 9, "column": 27 }
      },
      "7": {
        "start": { "line": 10, "column": 21 },
        "end": { "line": 10, "column": 42 }
      },
      "8": {
        "start": { "line": 144, "column": 16 },
        "end": { "line": 198, "column": 1 }
      },
      "9": {
        "start": { "line": 150, "column": 10 },
        "end": { "line": 150, "column": 62 }
      },
      "10": {
        "start": { "line": 152, "column": 26 },
        "end": { "line": 152, "column": 72 }
      },
      "11": {
        "start": { "line": 202, "column": 23 },
        "end": { "line": 205, "column": 2 }
      },
      "12": {
        "start": { "line": 207, "column": 0 },
        "end": { "line": 209, "column": 2 }
      },
      "13": {
        "start": { "line": 208, "column": 2 },
        "end": { "line": 208, "column": 48 }
      },
      "14": {
        "start": { "line": 211, "column": 0 },
        "end": { "line": 238, "column": 2 }
      },
      "15": {
        "start": { "line": 212, "column": 2 },
        "end": { "line": 237, "column": 4 }
      },
      "16": {
        "start": { "line": 240, "column": 0 },
        "end": { "line": 245, "column": 2 }
      },
      "17": {
        "start": { "line": 241, "column": 2 },
        "end": { "line": 241, "column": 53 }
      },
      "18": {
        "start": { "line": 242, "column": 2 },
        "end": { "line": 244, "column": 21 }
      },
      "19": {
        "start": { "line": 247, "column": 0 },
        "end": { "line": 252, "column": 2 }
      },
      "20": {
        "start": { "line": 248, "column": 15 },
        "end": { "line": 250, "column": 20 }
      },
      "21": {
        "start": { "line": 251, "column": 2 },
        "end": { "line": 251, "column": 28 }
      },
      "22": {
        "start": { "line": 254, "column": 19 },
        "end": { "line": 254, "column": 49 }
      },
      "23": {
        "start": { "line": 256, "column": 0 },
        "end": { "line": 258, "column": 2 }
      },
      "24": {
        "start": { "line": 257, "column": 2 },
        "end": { "line": 257, "column": 68 }
      },
      "25": {
        "start": { "line": 260, "column": 20 },
        "end": { "line": 260, "column": 51 }
      },
      "26": {
        "start": { "line": 262, "column": 0 },
        "end": { "line": 264, "column": 2 }
      },
      "27": {
        "start": { "line": 263, "column": 2 },
        "end": { "line": 263, "column": 56 }
      },
      "28": {
        "start": { "line": 266, "column": 20 },
        "end": { "line": 266, "column": 51 }
      },
      "29": {
        "start": { "line": 270, "column": 17 },
        "end": { "line": 270, "column": 59 }
      },
      "30": {
        "start": { "line": 272, "column": 13 },
        "end": { "line": 272, "column": 58 }
      },
      "31": {
        "start": { "line": 274, "column": 14 },
        "end": { "line": 274, "column": 61 }
      },
      "32": {
        "start": { "line": 276, "column": 14 },
        "end": { "line": 276, "column": 61 }
      },
      "33": {
        "start": { "line": 278, "column": 0 },
        "end": { "line": 278, "column": 50 }
      }
    },
    "fnMap": {
      "0": {
        "name": "(anonymous_0)",
        "decl": {
          "start": { "line": 149, "column": 8 },
          "end": { "line": 149, "column": 9 }
        },
        "loc": {
          "start": { "line": 149, "column": 21 },
          "end": { "line": 151, "column": 9 }
        },
        "line": 149
      },
      "1": {
        "name": "(anonymous_1)",
        "decl": {
          "start": { "line": 152, "column": 17 },
          "end": { "line": 152, "column": 18 }
        },
        "loc": {
          "start": { "line": 152, "column": 26 },
          "end": { "line": 152, "column": 72 }
        },
        "line": 152
      },
      "2": {
        "name": "(anonymous_2)",
        "decl": {
          "start": { "line": 207, "column": 37 },
          "end": { "line": 207, "column": 38 }
        },
        "loc": {
          "start": { "line": 207, "column": 48 },
          "end": { "line": 209, "column": 1 }
        },
        "line": 207
      },
      "3": {
        "name": "(anonymous_3)",
        "decl": {
          "start": { "line": 211, "column": 37 },
          "end": { "line": 211, "column": 38 }
        },
        "loc": {
          "start": { "line": 211, "column": 48 },
          "end": { "line": 238, "column": 1 }
        },
        "line": 211
      },
      "4": {
        "name": "(anonymous_4)",
        "decl": {
          "start": { "line": 240, "column": 37 },
          "end": { "line": 240, "column": 38 }
        },
        "loc": {
          "start": { "line": 240, "column": 56 },
          "end": { "line": 245, "column": 1 }
        },
        "line": 240
      },
      "5": {
        "name": "(anonymous_5)",
        "decl": {
          "start": { "line": 247, "column": 39 },
          "end": { "line": 247, "column": 40 }
        },
        "loc": {
          "start": { "line": 247, "column": 58 },
          "end": { "line": 252, "column": 1 }
        },
        "line": 247
      },
      "6": {
        "name": "(anonymous_6)",
        "decl": {
          "start": { "line": 256, "column": 33 },
          "end": { "line": 256, "column": 34 }
        },
        "loc": {
          "start": { "line": 256, "column": 44 },
          "end": { "line": 258, "column": 1 }
        },
        "line": 256
      },
      "7": {
        "name": "(anonymous_7)",
        "decl": {
          "start": { "line": 262, "column": 34 },
          "end": { "line": 262, "column": 35 }
        },
        "loc": {
          "start": { "line": 262, "column": 45 },
          "end": { "line": 264, "column": 1 }
        },
        "line": 262
      }
    },
    "branchMap": {},
    "s": {
      "0": 1,
      "1": 1,
      "2": 1,
      "3": 1,
      "4": 1,
      "5": 1,
      "6": 1,
      "7": 1,
      "8": 1,
      "9": 8,
      "10": 0,
      "11": 1,
      "12": 1,
      "13": 0,
      "14": 1,
      "15": 5,
      "16": 1,
      "17": 4,
      "18": 4,
      "19": 1,
      "20": 4,
      "21": 4,
      "22": 1,
      "23": 1,
      "24": 9,
      "25": 1,
      "26": 1,
      "27": 13,
      "28": 1,
      "29": 1,
      "30": 1,
      "31": 1,
      "32": 1,
      "33": 1
    },
    "f": { "0": 8, "1": 0, "2": 0, "3": 5, "4": 4, "5": 4, "6": 9, "7": 13 },
    "b": {},
    "_coverageSchema": "1a1c01bbd47fc00a2c39e90264f33305004495a9",
    "hash": "1aacbc9d34d056f0ea20c3bfc444d23768992edd",
    "contentHash": "5eb719c60628b7fac8352b7ff4b35aefa2b958320ea7ea79142417cf7f76e7f7"
  },
  "/Users/alexkim/Documents/Development/work-with/backend/_utils/roles.util.js": {
    "path": "/Users/alexkim/Documents/Development/work-with/backend/_utils/roles.util.js",
    "statementMap": {
      "0": {
        "start": { "line": 1, "column": 13 },
        "end": { "line": 5, "column": 1 }
      },
      "1": {
        "start": { "line": 7, "column": 0 },
        "end": { "line": 7, "column": 22 }
      }
    },
    "fnMap": {},
    "branchMap": {},
    "s": { "0": 1, "1": 1 },
    "f": {},
    "b": {},
    "_coverageSchema": "1a1c01bbd47fc00a2c39e90264f33305004495a9",
    "hash": "47c1b2d495f2c9ffc1de09d8cc4a14e01e53667b",
    "contentHash": "0b39ec0dd3951011f51d41650254c50c46f53586ebfe01d1d3f5c3d208cb2533"
  },
  "/Users/alexkim/Documents/Development/work-with/backend/routes/note.route.js": {
    "path": "/Users/alexkim/Documents/Development/work-with/backend/routes/note.route.js",
    "statementMap": {
      "0": {
        "start": { "line": 8, "column": 11 },
        "end": { "line": 8, "column": 41 }
      },
      "1": {
        "start": { "line": 9, "column": 15 },
        "end": { "line": 9, "column": 42 }
      },
      "2": {
        "start": { "line": 10, "column": 10 },
        "end": { "line": 10, "column": 27 }
      },
      "3": {
        "start": { "line": 11, "column": 23 },
        "end": { "line": 11, "column": 63 }
      },
      "4": {
        "start": { "line": 12, "column": 17 },
        "end": { "line": 12, "column": 48 }
      },
      "5": {
        "start": { "line": 13, "column": 16 },
        "end": { "line": 13, "column": 50 }
      },
      "6": {
        "start": { "line": 14, "column": 13 },
        "end": { "line": 14, "column": 44 }
      },
      "7": {
        "start": { "line": 15, "column": 13 },
        "end": { "line": 15, "column": 44 }
      },
      "8": {
        "start": { "line": 16, "column": 18 },
        "end": { "line": 16, "column": 53 }
      },
      "9": {
        "start": { "line": 17, "column": 29 },
        "end": { "line": 17, "column": 72 }
      },
      "10": {
        "start": { "line": 18, "column": 32 },
        "end": { "line": 18, "column": 78 }
      },
      "11": {
        "start": { "line": 49, "column": 17 },
        "end": { "line": 58, "column": 1 }
      },
      "12": {
        "start": { "line": 50, "column": 23 },
        "end": { "line": 50, "column": 44 }
      },
      "13": {
        "start": { "line": 51, "column": 2 },
        "end": { "line": 53, "column": 3 }
      },
      "14": {
        "start": { "line": 52, "column": 4 },
        "end": { "line": 52, "column": 56 }
      },
      "15": {
        "start": { "line": 54, "column": 2 },
        "end": { "line": 56, "column": 3 }
      },
      "16": {
        "start": { "line": 55, "column": 4 },
        "end": { "line": 55, "column": 52 }
      },
      "17": {
        "start": { "line": 57, "column": 2 },
        "end": { "line": 57, "column": 51 }
      },
      "18": {
        "start": { "line": 59, "column": 0 },
        "end": { "line": 59, "column": 55 }
      },
      "19": {
        "start": { "line": 89, "column": 16 },
        "end": { "line": 100, "column": 1 }
      },
      "20": {
        "start": { "line": 90, "column": 22 },
        "end": { "line": 90, "column": 60 }
      },
      "21": {
        "start": { "line": 91, "column": 2 },
        "end": { "line": 93, "column": 3 }
      },
      "22": {
        "start": { "line": 92, "column": 4 },
        "end": { "line": 92, "column": 56 }
      },
      "23": {
        "start": { "line": 94, "column": 2 },
        "end": { "line": 98, "column": 3 }
      },
      "24": {
        "start": { "line": 95, "column": 4 },
        "end": { "line": 97, "column": 55 }
      },
      "25": {
        "start": { "line": 99, "column": 2 },
        "end": { "line": 99, "column": 50 }
      },
      "26": {
        "start": { "line": 101, "column": 0 },
        "end": { "line": 101, "column": 47 }
      },
      "27": {
        "start": { "line": 139, "column": 26 },
        "end": { "line": 152, "column": 1 }
      },
      "28": {
        "start": { "line": 140, "column": 23 },
        "end": { "line": 140, "column": 72 }
      },
      "29": {
        "start": { "line": 141, "column": 2 },
        "end": { "line": 143, "column": 3 }
      },
      "30": {
        "start": { "line": 142, "column": 4 },
        "end": { "line": 142, "column": 56 }
      },
      "31": {
        "start": { "line": 144, "column": 2 },
        "end": { "line": 150, "column": 3 }
      },
      "32": {
        "start": { "line": 145, "column": 4 },
        "end": { "line": 149, "column": 8 }
      },
      "33": {
        "start": { "line": 151, "column": 2 },
        "end": { "line": 151, "column": 51 }
      },
      "34": {
        "start": { "line": 153, "column": 0 },
        "end": { "line": 153, "column": 65 }
      },
      "35": {
        "start": { "line": 182, "column": 19 },
        "end": { "line": 272, "column": 1 }
      },
      "36": {
        "start": { "line": 184, "column": 15 },
        "end": { "line": 184, "column": 45 }
      },
      "37": {
        "start": { "line": 185, "column": 2 },
        "end": { "line": 187, "column": 3 }
      },
      "38": {
        "start": { "line": 186, "column": 4 },
        "end": { "line": 186, "column": 66 }
      },
      "39": {
        "start": { "line": 190, "column": 2 },
        "end": { "line": 190, "column": 44 }
      },
      "40": {
        "start": { "line": 191, "column": 2 },
        "end": { "line": 191, "column": 52 }
      },
      "41": {
        "start": { "line": 192, "column": 2 },
        "end": { "line": 194, "column": 3 }
      },
      "42": {
        "start": { "line": 193, "column": 4 },
        "end": { "line": 193, "column": 59 }
      },
      "43": {
        "start": { "line": 195, "column": 2 },
        "end": { "line": 197, "column": 3 }
      },
      "44": {
        "start": { "line": 196, "column": 4 },
        "end": { "line": 196, "column": 67 }
      },
      "45": {
        "start": { "line": 200, "column": 30 },
        "end": { "line": 209, "column": 4 }
      },
      "46": {
        "start": { "line": 201, "column": 30 },
        "end": { "line": 201, "column": 63 }
      },
      "47": {
        "start": { "line": 202, "column": 4 },
        "end": { "line": 204, "column": 5 }
      },
      "48": {
        "start": { "line": 203, "column": 6 },
        "end": { "line": 203, "column": 33 }
      },
      "49": {
        "start": { "line": 205, "column": 4 },
        "end": { "line": 207, "column": 5 }
      },
      "50": {
        "start": { "line": 206, "column": 6 },
        "end": { "line": 206, "column": 66 }
      },
      "51": {
        "start": { "line": 208, "column": 4 },
        "end": { "line": 208, "column": 16 }
      },
      "52": {
        "start": { "line": 210, "column": 26 },
        "end": { "line": 210, "column": 68 }
      },
      "53": {
        "start": { "line": 211, "column": 2 },
        "end": { "line": 213, "column": 3 }
      },
      "54": {
        "start": { "line": 212, "column": 4 },
        "end": { "line": 212, "column": 55 }
      },
      "55": {
        "start": { "line": 214, "column": 2 },
        "end": { "line": 216, "column": 3 }
      },
      "56": {
        "start": { "line": 215, "column": 4 },
        "end": { "line": 215, "column": 75 }
      },
      "57": {
        "start": { "line": 219, "column": 34 },
        "end": { "line": 230, "column": 3 }
      },
      "58": {
        "start": { "line": 221, "column": 36 },
        "end": { "line": 221, "column": 73 }
      },
      "59": {
        "start": { "line": 222, "column": 6 },
        "end": { "line": 224, "column": 7 }
      },
      "60": {
        "start": { "line": 223, "column": 8 },
        "end": { "line": 223, "column": 39 }
      },
      "61": {
        "start": { "line": 225, "column": 6 },
        "end": { "line": 227, "column": 7 }
      },
      "62": {
        "start": { "line": 226, "column": 8 },
        "end": { "line": 226, "column": 77 }
      },
      "63": {
        "start": { "line": 228, "column": 6 },
        "end": { "line": 228, "column": 18 }
      },
      "64": {
        "start": { "line": 231, "column": 30 },
        "end": { "line": 231, "column": 76 }
      },
      "65": {
        "start": { "line": 232, "column": 2 },
        "end": { "line": 234, "column": 3 }
      },
      "66": {
        "start": { "line": 233, "column": 4 },
        "end": { "line": 233, "column": 55 }
      },
      "67": {
        "start": { "line": 235, "column": 2 },
        "end": { "line": 237, "column": 3 }
      },
      "68": {
        "start": { "line": 236, "column": 4 },
        "end": { "line": 236, "column": 80 }
      },
      "69": {
        "start": { "line": 240, "column": 26 },
        "end": { "line": 240, "column": 72 }
      },
      "70": {
        "start": { "line": 241, "column": 2 },
        "end": { "line": 243, "column": 3 }
      },
      "71": {
        "start": { "line": 242, "column": 4 },
        "end": { "line": 242, "column": 57 }
      },
      "72": {
        "start": { "line": 244, "column": 2 },
        "end": { "line": 248, "column": 3 }
      },
      "73": {
        "start": { "line": 245, "column": 4 },
        "end": { "line": 247, "column": 67 }
      },
      "74": {
        "start": { "line": 250, "column": 15 },
        "end": { "line": 260, "column": 3 }
      },
      "75": {
        "start": { "line": 262, "column": 26 },
        "end": { "line": 262, "column": 47 }
      },
      "76": {
        "start": { "line": 263, "column": 2 },
        "end": { "line": 265, "column": 3 }
      },
      "77": {
        "start": { "line": 264, "column": 4 },
        "end": { "line": 264, "column": 57 }
      },
      "78": {
        "start": { "line": 266, "column": 2 },
        "end": { "line": 270, "column": 3 }
      },
      "79": {
        "start": { "line": 267, "column": 4 },
        "end": { "line": 269, "column": 45 }
      },
      "80": {
        "start": { "line": 271, "column": 2 },
        "end": { "line": 271, "column": 64 }
      },
      "81": {
        "start": { "line": 273, "column": 0 },
        "end": { "line": 273, "column": 74 }
      },
      "82": {
        "start": { "line": 307, "column": 19 },
        "end": { "line": 401, "column": 1 }
      },
      "83": {
        "start": { "line": 309, "column": 2 },
        "end": { "line": 309, "column": 31 }
      },
      "84": {
        "start": { "line": 310, "column": 15 },
        "end": { "line": 310, "column": 48 }
      },
      "85": {
        "start": { "line": 311, "column": 2 },
        "end": { "line": 313, "column": 3 }
      },
      "86": {
        "start": { "line": 312, "column": 4 },
        "end": { "line": 312, "column": 66 }
      },
      "87": {
        "start": { "line": 316, "column": 23 },
        "end": { "line": 316, "column": 61 }
      },
      "88": {
        "start": { "line": 317, "column": 2 },
        "end": { "line": 319, "column": 3 }
      },
      "89": {
        "start": { "line": 318, "column": 4 },
        "end": { "line": 318, "column": 57 }
      },
      "90": {
        "start": { "line": 320, "column": 2 },
        "end": { "line": 324, "column": 3 }
      },
      "91": {
        "start": { "line": 321, "column": 4 },
        "end": { "line": 323, "column": 55 }
      },
      "92": {
        "start": { "line": 327, "column": 2 },
        "end": { "line": 327, "column": 73 }
      },
      "93": {
        "start": { "line": 328, "column": 30 },
        "end": { "line": 337, "column": 4 }
      },
      "94": {
        "start": { "line": 329, "column": 30 },
        "end": { "line": 329, "column": 63 }
      },
      "95": {
        "start": { "line": 330, "column": 4 },
        "end": { "line": 332, "column": 5 }
      },
      "96": {
        "start": { "line": 331, "column": 6 },
        "end": { "line": 331, "column": 33 }
      },
      "97": {
        "start": { "line": 333, "column": 4 },
        "end": { "line": 335, "column": 5 }
      },
      "98": {
        "start": { "line": 334, "column": 6 },
        "end": { "line": 334, "column": 66 }
      },
      "99": {
        "start": { "line": 336, "column": 4 },
        "end": { "line": 336, "column": 16 }
      },
      "100": {
        "start": { "line": 338, "column": 26 },
        "end": { "line": 338, "column": 68 }
      },
      "101": {
        "start": { "line": 339, "column": 2 },
        "end": { "line": 341, "column": 3 }
      },
      "102": {
        "start": { "line": 340, "column": 4 },
        "end": { "line": 340, "column": 55 }
      },
      "103": {
        "start": { "line": 342, "column": 2 },
        "end": { "line": 344, "column": 3 }
      },
      "104": {
        "start": { "line": 343, "column": 4 },
        "end": { "line": 343, "column": 75 }
      },
      "105": {
        "start": { "line": 347, "column": 2 },
        "end": { "line": 349, "column": 27 }
      },
      "106": {
        "start": { "line": 350, "column": 34 },
        "end": { "line": 361, "column": 3 }
      },
      "107": {
        "start": { "line": 352, "column": 36 },
        "end": { "line": 352, "column": 73 }
      },
      "108": {
        "start": { "line": 353, "column": 6 },
        "end": { "line": 355, "column": 7 }
      },
      "109": {
        "start": { "line": 354, "column": 8 },
        "end": { "line": 354, "column": 39 }
      },
      "110": {
        "start": { "line": 356, "column": 6 },
        "end": { "line": 358, "column": 7 }
      },
      "111": {
        "start": { "line": 357, "column": 8 },
        "end": { "line": 357, "column": 77 }
      },
      "112": {
        "start": { "line": 359, "column": 6 },
        "end": { "line": 359, "column": 18 }
      },
      "113": {
        "start": { "line": 362, "column": 30 },
        "end": { "line": 362, "column": 76 }
      },
      "114": {
        "start": { "line": 363, "column": 2 },
        "end": { "line": 365, "column": 3 }
      },
      "115": {
        "start": { "line": 364, "column": 4 },
        "end": { "line": 364, "column": 55 }
      },
      "116": {
        "start": { "line": 366, "column": 2 },
        "end": { "line": 368, "column": 3 }
      },
      "117": {
        "start": { "line": 367, "column": 4 },
        "end": { "line": 367, "column": 80 }
      },
      "118": {
        "start": { "line": 371, "column": 2 },
        "end": { "line": 381, "column": 3 }
      },
      "119": {
        "start": { "line": 372, "column": 28 },
        "end": { "line": 372, "column": 74 }
      },
      "120": {
        "start": { "line": 373, "column": 4 },
        "end": { "line": 375, "column": 5 }
      },
      "121": {
        "start": { "line": 374, "column": 6 },
        "end": { "line": 374, "column": 59 }
      },
      "122": {
        "start": { "line": 376, "column": 4 },
        "end": { "line": 380, "column": 5 }
      },
      "123": {
        "start": { "line": 377, "column": 6 },
        "end": { "line": 379, "column": 69 }
      },
      "124": {
        "start": { "line": 383, "column": 2 },
        "end": { "line": 383, "column": 56 }
      },
      "125": {
        "start": { "line": 384, "column": 2 },
        "end": { "line": 384, "column": 44 }
      },
      "126": {
        "start": { "line": 385, "column": 2 },
        "end": { "line": 385, "column": 50 }
      },
      "127": {
        "start": { "line": 386, "column": 2 },
        "end": { "line": 386, "column": 62 }
      },
      "128": {
        "start": { "line": 387, "column": 2 },
        "end": { "line": 387, "column": 41 }
      },
      "129": {
        "start": { "line": 388, "column": 2 },
        "end": { "line": 390, "column": 25 }
      },
      "130": {
        "start": { "line": 391, "column": 2 },
        "end": { "line": 391, "column": 79 }
      },
      "131": {
        "start": { "line": 393, "column": 26 },
        "end": { "line": 393, "column": 47 }
      },
      "132": {
        "start": { "line": 394, "column": 2 },
        "end": { "line": 396, "column": 3 }
      },
      "133": {
        "start": { "line": 395, "column": 4 },
        "end": { "line": 395, "column": 57 }
      },
      "134": {
        "start": { "line": 397, "column": 2 },
        "end": { "line": 399, "column": 3 }
      },
      "135": {
        "start": { "line": 398, "column": 4 },
        "end": { "line": 398, "column": 80 }
      },
      "136": {
        "start": { "line": 400, "column": 2 },
        "end": { "line": 400, "column": 59 }
      },
      "137": {
        "start": { "line": 402, "column": 0 },
        "end": { "line": 402, "column": 80 }
      },
      "138": {
        "start": { "line": 430, "column": 19 },
        "end": { "line": 457, "column": 1 }
      },
      "139": {
        "start": { "line": 431, "column": 23 },
        "end": { "line": 431, "column": 61 }
      },
      "140": {
        "start": { "line": 432, "column": 2 },
        "end": { "line": 434, "column": 3 }
      },
      "141": {
        "start": { "line": 433, "column": 4 },
        "end": { "line": 433, "column": 57 }
      },
      "142": {
        "start": { "line": 435, "column": 2 },
        "end": { "line": 439, "column": 3 }
      },
      "143": {
        "start": { "line": 436, "column": 4 },
        "end": { "line": 438, "column": 55 }
      },
      "144": {
        "start": { "line": 441, "column": 2 },
        "end": { "line": 443, "column": 3 }
      },
      "145": {
        "start": { "line": 442, "column": 4 },
        "end": { "line": 442, "column": 75 }
      },
      "146": {
        "start": { "line": 445, "column": 2 },
        "end": { "line": 445, "column": 22 }
      },
      "147": {
        "start": { "line": 447, "column": 26 },
        "end": { "line": 447, "column": 47 }
      },
      "148": {
        "start": { "line": 448, "column": 2 },
        "end": { "line": 450, "column": 3 }
      },
      "149": {
        "start": { "line": 449, "column": 4 },
        "end": { "line": 449, "column": 57 }
      },
      "150": {
        "start": { "line": 451, "column": 2 },
        "end": { "line": 453, "column": 3 }
      },
      "151": {
        "start": { "line": 452, "column": 4 },
        "end": { "line": 452, "column": 80 }
      },
      "152": {
        "start": { "line": 454, "column": 2 },
        "end": { "line": 456, "column": 65 }
      },
      "153": {
        "start": { "line": 458, "column": 0 },
        "end": { "line": 458, "column": 76 }
      },
      "154": {
        "start": { "line": 460, "column": 0 },
        "end": { "line": 460, "column": 24 }
      }
    },
    "fnMap": {
      "0": {
        "name": "(anonymous_0)",
        "decl": {
          "start": { "line": 49, "column": 17 },
          "end": { "line": 49, "column": 18 }
        },
        "loc": {
          "start": { "line": 49, "column": 37 },
          "end": { "line": 58, "column": 1 }
        },
        "line": 49
      },
      "1": {
        "name": "(anonymous_1)",
        "decl": {
          "start": { "line": 89, "column": 16 },
          "end": { "line": 89, "column": 17 }
        },
        "loc": {
          "start": { "line": 89, "column": 36 },
          "end": { "line": 100, "column": 1 }
        },
        "line": 89
      },
      "2": {
        "name": "(anonymous_2)",
        "decl": {
          "start": { "line": 139, "column": 26 },
          "end": { "line": 139, "column": 27 }
        },
        "loc": {
          "start": { "line": 139, "column": 46 },
          "end": { "line": 152, "column": 1 }
        },
        "line": 139
      },
      "3": {
        "name": "(anonymous_3)",
        "decl": {
          "start": { "line": 182, "column": 19 },
          "end": { "line": 182, "column": 20 }
        },
        "loc": {
          "start": { "line": 182, "column": 39 },
          "end": { "line": 272, "column": 1 }
        },
        "line": 182
      },
      "4": {
        "name": "(anonymous_4)",
        "decl": {
          "start": { "line": 200, "column": 51 },
          "end": { "line": 200, "column": 52 }
        },
        "loc": {
          "start": { "line": 200, "column": 69 },
          "end": { "line": 209, "column": 3 }
        },
        "line": 200
      },
      "5": {
        "name": "(anonymous_5)",
        "decl": {
          "start": { "line": 220, "column": 4 },
          "end": { "line": 220, "column": 5 }
        },
        "loc": {
          "start": { "line": 220, "column": 26 },
          "end": { "line": 229, "column": 5 }
        },
        "line": 220
      },
      "6": {
        "name": "(anonymous_6)",
        "decl": {
          "start": { "line": 307, "column": 19 },
          "end": { "line": 307, "column": 20 }
        },
        "loc": {
          "start": { "line": 307, "column": 39 },
          "end": { "line": 401, "column": 1 }
        },
        "line": 307
      },
      "7": {
        "name": "(anonymous_7)",
        "decl": {
          "start": { "line": 328, "column": 51 },
          "end": { "line": 328, "column": 52 }
        },
        "loc": {
          "start": { "line": 328, "column": 69 },
          "end": { "line": 337, "column": 3 }
        },
        "line": 328
      },
      "8": {
        "name": "(anonymous_8)",
        "decl": {
          "start": { "line": 351, "column": 4 },
          "end": { "line": 351, "column": 5 }
        },
        "loc": {
          "start": { "line": 351, "column": 26 },
          "end": { "line": 360, "column": 5 }
        },
        "line": 351
      },
      "9": {
        "name": "(anonymous_9)",
        "decl": {
          "start": { "line": 430, "column": 19 },
          "end": { "line": 430, "column": 20 }
        },
        "loc": {
          "start": { "line": 430, "column": 39 },
          "end": { "line": 457, "column": 1 }
        },
        "line": 430
      }
    },
    "branchMap": {
      "0": {
        "loc": {
          "start": { "line": 51, "column": 2 },
          "end": { "line": 53, "column": 3 }
        },
        "type": "if",
        "locations": [
          {
            "start": { "line": 51, "column": 2 },
            "end": { "line": 53, "column": 3 }
          },
          {
            "start": { "line": 51, "column": 2 },
            "end": { "line": 53, "column": 3 }
          }
        ],
        "line": 51
      },
      "1": {
        "loc": {
          "start": { "line": 54, "column": 2 },
          "end": { "line": 56, "column": 3 }
        },
        "type": "if",
        "locations": [
          {
            "start": { "line": 54, "column": 2 },
            "end": { "line": 56, "column": 3 }
          },
          {
            "start": { "line": 54, "column": 2 },
            "end": { "line": 56, "column": 3 }
          }
        ],
        "line": 54
      },
      "2": {
        "loc": {
          "start": { "line": 91, "column": 2 },
          "end": { "line": 93, "column": 3 }
        },
        "type": "if",
        "locations": [
          {
            "start": { "line": 91, "column": 2 },
            "end": { "line": 93, "column": 3 }
          },
          {
            "start": { "line": 91, "column": 2 },
            "end": { "line": 93, "column": 3 }
          }
        ],
        "line": 91
      },
      "3": {
        "loc": {
          "start": { "line": 94, "column": 2 },
          "end": { "line": 98, "column": 3 }
        },
        "type": "if",
        "locations": [
          {
            "start": { "line": 94, "column": 2 },
            "end": { "line": 98, "column": 3 }
          },
          {
            "start": { "line": 94, "column": 2 },
            "end": { "line": 98, "column": 3 }
          }
        ],
        "line": 94
      },
      "4": {
        "loc": {
          "start": { "line": 141, "column": 2 },
          "end": { "line": 143, "column": 3 }
        },
        "type": "if",
        "locations": [
          {
            "start": { "line": 141, "column": 2 },
            "end": { "line": 143, "column": 3 }
          },
          {
            "start": { "line": 141, "column": 2 },
            "end": { "line": 143, "column": 3 }
          }
        ],
        "line": 141
      },
      "5": {
        "loc": {
          "start": { "line": 144, "column": 2 },
          "end": { "line": 150, "column": 3 }
        },
        "type": "if",
        "locations": [
          {
            "start": { "line": 144, "column": 2 },
            "end": { "line": 150, "column": 3 }
          },
          {
            "start": { "line": 144, "column": 2 },
            "end": { "line": 150, "column": 3 }
          }
        ],
        "line": 144
      },
      "6": {
        "loc": {
          "start": { "line": 185, "column": 2 },
          "end": { "line": 187, "column": 3 }
        },
        "type": "if",
        "locations": [
          {
            "start": { "line": 185, "column": 2 },
            "end": { "line": 187, "column": 3 }
          },
          {
            "start": { "line": 185, "column": 2 },
            "end": { "line": 187, "column": 3 }
          }
        ],
        "line": 185
      },
      "7": {
        "loc": {
          "start": { "line": 190, "column": 21 },
          "end": { "line": 190, "column": 43 }
        },
        "type": "binary-expr",
        "locations": [
          {
            "start": { "line": 190, "column": 21 },
            "end": { "line": 190, "column": 37 }
          },
          {
            "start": { "line": 190, "column": 41 },
            "end": { "line": 190, "column": 43 }
          }
        ],
        "line": 190
      },
      "8": {
        "loc": {
          "start": { "line": 191, "column": 25 },
          "end": { "line": 191, "column": 51 }
        },
        "type": "binary-expr",
        "locations": [
          {
            "start": { "line": 191, "column": 25 },
            "end": { "line": 191, "column": 45 }
          },
          {
            "start": { "line": 191, "column": 49 },
            "end": { "line": 191, "column": 51 }
          }
        ],
        "line": 191
      },
      "9": {
        "loc": {
          "start": { "line": 192, "column": 2 },
          "end": { "line": 194, "column": 3 }
        },
        "type": "if",
        "locations": [
          {
            "start": { "line": 192, "column": 2 },
            "end": { "line": 194, "column": 3 }
          },
          {
            "start": { "line": 192, "column": 2 },
            "end": { "line": 194, "column": 3 }
          }
        ],
        "line": 192
      },
      "10": {
        "loc": {
          "start": { "line": 195, "column": 2 },
          "end": { "line": 197, "column": 3 }
        },
        "type": "if",
        "locations": [
          {
            "start": { "line": 195, "column": 2 },
            "end": { "line": 197, "column": 3 }
          },
          {
            "start": { "line": 195, "column": 2 },
            "end": { "line": 197, "column": 3 }
          }
        ],
        "line": 195
      },
      "11": {
        "loc": {
          "start": { "line": 202, "column": 4 },
          "end": { "line": 204, "column": 5 }
        },
        "type": "if",
        "locations": [
          {
            "start": { "line": 202, "column": 4 },
            "end": { "line": 204, "column": 5 }
          },
          {
            "start": { "line": 202, "column": 4 },
            "end": { "line": 204, "column": 5 }
          }
        ],
        "line": 202
      },
      "12": {
        "loc": {
          "start": { "line": 205, "column": 4 },
          "end": { "line": 207, "column": 5 }
        },
        "type": "if",
        "locations": [
          {
            "start": { "line": 205, "column": 4 },
            "end": { "line": 207, "column": 5 }
          },
          {
            "start": { "line": 205, "column": 4 },
            "end": { "line": 207, "column": 5 }
          }
        ],
        "line": 205
      },
      "13": {
        "loc": {
          "start": { "line": 211, "column": 2 },
          "end": { "line": 213, "column": 3 }
        },
        "type": "if",
        "locations": [
          {
            "start": { "line": 211, "column": 2 },
            "end": { "line": 213, "column": 3 }
          },
          {
            "start": { "line": 211, "column": 2 },
            "end": { "line": 213, "column": 3 }
          }
        ],
        "line": 211
      },
      "14": {
        "loc": {
          "start": { "line": 214, "column": 2 },
          "end": { "line": 216, "column": 3 }
        },
        "type": "if",
        "locations": [
          {
            "start": { "line": 214, "column": 2 },
            "end": { "line": 216, "column": 3 }
          },
          {
            "start": { "line": 214, "column": 2 },
            "end": { "line": 216, "column": 3 }
          }
        ],
        "line": 214
      },
      "15": {
        "loc": {
          "start": { "line": 222, "column": 6 },
          "end": { "line": 224, "column": 7 }
        },
        "type": "if",
        "locations": [
          {
            "start": { "line": 222, "column": 6 },
            "end": { "line": 224, "column": 7 }
          },
          {
            "start": { "line": 222, "column": 6 },
            "end": { "line": 224, "column": 7 }
          }
        ],
        "line": 222
      },
      "16": {
        "loc": {
          "start": { "line": 225, "column": 6 },
          "end": { "line": 227, "column": 7 }
        },
        "type": "if",
        "locations": [
          {
            "start": { "line": 225, "column": 6 },
            "end": { "line": 227, "column": 7 }
          },
          {
            "start": { "line": 225, "column": 6 },
            "end": { "line": 227, "column": 7 }
          }
        ],
        "line": 225
      },
      "17": {
        "loc": {
          "start": { "line": 232, "column": 2 },
          "end": { "line": 234, "column": 3 }
        },
        "type": "if",
        "locations": [
          {
            "start": { "line": 232, "column": 2 },
            "end": { "line": 234, "column": 3 }
          },
          {
            "start": { "line": 232, "column": 2 },
            "end": { "line": 234, "column": 3 }
          }
        ],
        "line": 232
      },
      "18": {
        "loc": {
          "start": { "line": 235, "column": 2 },
          "end": { "line": 237, "column": 3 }
        },
        "type": "if",
        "locations": [
          {
            "start": { "line": 235, "column": 2 },
            "end": { "line": 237, "column": 3 }
          },
          {
            "start": { "line": 235, "column": 2 },
            "end": { "line": 237, "column": 3 }
          }
        ],
        "line": 235
      },
      "19": {
        "loc": {
          "start": { "line": 235, "column": 6 },
          "end": { "line": 235, "column": 64 }
        },
        "type": "binary-expr",
        "locations": [
          {
            "start": { "line": 235, "column": 6 },
            "end": { "line": 235, "column": 38 }
          },
          {
            "start": { "line": 235, "column": 42 },
            "end": { "line": 235, "column": 64 }
          }
        ],
        "line": 235
      },
      "20": {
        "loc": {
          "start": { "line": 241, "column": 2 },
          "end": { "line": 243, "column": 3 }
        },
        "type": "if",
        "locations": [
          {
            "start": { "line": 241, "column": 2 },
            "end": { "line": 243, "column": 3 }
          },
          {
            "start": { "line": 241, "column": 2 },
            "end": { "line": 243, "column": 3 }
          }
        ],
        "line": 241
      },
      "21": {
        "loc": {
          "start": { "line": 244, "column": 2 },
          "end": { "line": 248, "column": 3 }
        },
        "type": "if",
        "locations": [
          {
            "start": { "line": 244, "column": 2 },
            "end": { "line": 248, "column": 3 }
          },
          {
            "start": { "line": 244, "column": 2 },
            "end": { "line": 248, "column": 3 }
          }
        ],
        "line": 244
      },
      "22": {
        "loc": {
          "start": { "line": 263, "column": 2 },
          "end": { "line": 265, "column": 3 }
        },
        "type": "if",
        "locations": [
          {
            "start": { "line": 263, "column": 2 },
            "end": { "line": 265, "column": 3 }
          },
          {
            "start": { "line": 263, "column": 2 },
            "end": { "line": 265, "column": 3 }
          }
        ],
        "line": 263
      },
      "23": {
        "loc": {
          "start": { "line": 266, "column": 2 },
          "end": { "line": 270, "column": 3 }
        },
        "type": "if",
        "locations": [
          {
            "start": { "line": 266, "column": 2 },
            "end": { "line": 270, "column": 3 }
          },
          {
            "start": { "line": 266, "column": 2 },
            "end": { "line": 270, "column": 3 }
          }
        ],
        "line": 266
      },
      "24": {
        "loc": {
          "start": { "line": 311, "column": 2 },
          "end": { "line": 313, "column": 3 }
        },
        "type": "if",
        "locations": [
          {
            "start": { "line": 311, "column": 2 },
            "end": { "line": 313, "column": 3 }
          },
          {
            "start": { "line": 311, "column": 2 },
            "end": { "line": 313, "column": 3 }
          }
        ],
        "line": 311
      },
      "25": {
        "loc": {
          "start": { "line": 317, "column": 2 },
          "end": { "line": 319, "column": 3 }
        },
        "type": "if",
        "locations": [
          {
            "start": { "line": 317, "column": 2 },
            "end": { "line": 319, "column": 3 }
          },
          {
            "start": { "line": 317, "column": 2 },
            "end": { "line": 319, "column": 3 }
          }
        ],
        "line": 317
      },
      "26": {
        "loc": {
          "start": { "line": 320, "column": 2 },
          "end": { "line": 324, "column": 3 }
        },
        "type": "if",
        "locations": [
          {
            "start": { "line": 320, "column": 2 },
            "end": { "line": 324, "column": 3 }
          },
          {
            "start": { "line": 320, "column": 2 },
            "end": { "line": 324, "column": 3 }
          }
        ],
        "line": 320
      },
      "27": {
        "loc": {
          "start": { "line": 327, "column": 21 },
          "end": { "line": 327, "column": 72 }
        },
        "type": "cond-expr",
        "locations": [
          {
            "start": { "line": 327, "column": 51 },
            "end": { "line": 327, "column": 53 }
          },
          {
            "start": { "line": 327, "column": 56 },
            "end": { "line": 327, "column": 72 }
          }
        ],
        "line": 327
      },
      "28": {
        "loc": {
          "start": { "line": 330, "column": 4 },
          "end": { "line": 332, "column": 5 }
        },
        "type": "if",
        "locations": [
          {
            "start": { "line": 330, "column": 4 },
            "end": { "line": 332, "column": 5 }
          },
          {
            "start": { "line": 330, "column": 4 },
            "end": { "line": 332, "column": 5 }
          }
        ],
        "line": 330
      },
      "29": {
        "loc": {
          "start": { "line": 333, "column": 4 },
          "end": { "line": 335, "column": 5 }
        },
        "type": "if",
        "locations": [
          {
            "start": { "line": 333, "column": 4 },
            "end": { "line": 335, "column": 5 }
          },
          {
            "start": { "line": 333, "column": 4 },
            "end": { "line": 335, "column": 5 }
          }
        ],
        "line": 333
      },
      "30": {
        "loc": {
          "start": { "line": 339, "column": 2 },
          "end": { "line": 341, "column": 3 }
        },
        "type": "if",
        "locations": [
          {
            "start": { "line": 339, "column": 2 },
            "end": { "line": 341, "column": 3 }
          },
          {
            "start": { "line": 339, "column": 2 },
            "end": { "line": 341, "column": 3 }
          }
        ],
        "line": 339
      },
      "31": {
        "loc": {
          "start": { "line": 342, "column": 2 },
          "end": { "line": 344, "column": 3 }
        },
        "type": "if",
        "locations": [
          {
            "start": { "line": 342, "column": 2 },
            "end": { "line": 344, "column": 3 }
          },
          {
            "start": { "line": 342, "column": 2 },
            "end": { "line": 344, "column": 3 }
          }
        ],
        "line": 342
      },
      "32": {
        "loc": {
          "start": { "line": 342, "column": 6 },
          "end": { "line": 342, "column": 56 }
        },
        "type": "binary-expr",
        "locations": [
          {
            "start": { "line": 342, "column": 6 },
            "end": { "line": 342, "column": 34 }
          },
          {
            "start": { "line": 342, "column": 38 },
            "end": { "line": 342, "column": 56 }
          }
        ],
        "line": 342
      },
      "33": {
        "loc": {
          "start": { "line": 347, "column": 25 },
          "end": { "line": 349, "column": 26 }
        },
        "type": "cond-expr",
        "locations": [
          {
            "start": { "line": 348, "column": 6 },
            "end": { "line": 348, "column": 8 }
          },
          {
            "start": { "line": 349, "column": 6 },
            "end": { "line": 349, "column": 26 }
          }
        ],
        "line": 347
      },
      "34": {
        "loc": {
          "start": { "line": 353, "column": 6 },
          "end": { "line": 355, "column": 7 }
        },
        "type": "if",
        "locations": [
          {
            "start": { "line": 353, "column": 6 },
            "end": { "line": 355, "column": 7 }
          },
          {
            "start": { "line": 353, "column": 6 },
            "end": { "line": 355, "column": 7 }
          }
        ],
        "line": 353
      },
      "35": {
        "loc": {
          "start": { "line": 356, "column": 6 },
          "end": { "line": 358, "column": 7 }
        },
        "type": "if",
        "locations": [
          {
            "start": { "line": 356, "column": 6 },
            "end": { "line": 358, "column": 7 }
          },
          {
            "start": { "line": 356, "column": 6 },
            "end": { "line": 358, "column": 7 }
          }
        ],
        "line": 356
      },
      "36": {
        "loc": {
          "start": { "line": 363, "column": 2 },
          "end": { "line": 365, "column": 3 }
        },
        "type": "if",
        "locations": [
          {
            "start": { "line": 363, "column": 2 },
            "end": { "line": 365, "column": 3 }
          },
          {
            "start": { "line": 363, "column": 2 },
            "end": { "line": 365, "column": 3 }
          }
        ],
        "line": 363
      },
      "37": {
        "loc": {
          "start": { "line": 366, "column": 2 },
          "end": { "line": 368, "column": 3 }
        },
        "type": "if",
        "locations": [
          {
            "start": { "line": 366, "column": 2 },
            "end": { "line": 368, "column": 3 }
          },
          {
            "start": { "line": 366, "column": 2 },
            "end": { "line": 368, "column": 3 }
          }
        ],
        "line": 366
      },
      "38": {
        "loc": {
          "start": { "line": 366, "column": 6 },
          "end": { "line": 366, "column": 64 }
        },
        "type": "binary-expr",
        "locations": [
          {
            "start": { "line": 366, "column": 6 },
            "end": { "line": 366, "column": 38 }
          },
          {
            "start": { "line": 366, "column": 42 },
            "end": { "line": 366, "column": 64 }
          }
        ],
        "line": 366
      },
      "39": {
        "loc": {
          "start": { "line": 371, "column": 2 },
          "end": { "line": 381, "column": 3 }
        },
        "type": "if",
        "locations": [
          {
            "start": { "line": 371, "column": 2 },
            "end": { "line": 381, "column": 3 }
          },
          {
            "start": { "line": 371, "column": 2 },
            "end": { "line": 381, "column": 3 }
          }
        ],
        "line": 371
      },
      "40": {
        "loc": {
          "start": { "line": 373, "column": 4 },
          "end": { "line": 375, "column": 5 }
        },
        "type": "if",
        "locations": [
          {
            "start": { "line": 373, "column": 4 },
            "end": { "line": 375, "column": 5 }
          },
          {
            "start": { "line": 373, "column": 4 },
            "end": { "line": 375, "column": 5 }
          }
        ],
        "line": 373
      },
      "41": {
        "loc": {
          "start": { "line": 376, "column": 4 },
          "end": { "line": 380, "column": 5 }
        },
        "type": "if",
        "locations": [
          {
            "start": { "line": 376, "column": 4 },
            "end": { "line": 380, "column": 5 }
          },
          {
            "start": { "line": 376, "column": 4 },
            "end": { "line": 380, "column": 5 }
          }
        ],
        "line": 376
      },
      "42": {
        "loc": {
          "start": { "line": 383, "column": 19 },
          "end": { "line": 383, "column": 55 }
        },
        "type": "binary-expr",
        "locations": [
          {
            "start": { "line": 383, "column": 19 },
            "end": { "line": 383, "column": 37 }
          },
          {
            "start": { "line": 383, "column": 41 },
            "end": { "line": 383, "column": 55 }
          }
        ],
        "line": 383
      },
      "43": {
        "loc": {
          "start": { "line": 384, "column": 15 },
          "end": { "line": 384, "column": 43 }
        },
        "type": "binary-expr",
        "locations": [
          {
            "start": { "line": 384, "column": 15 },
            "end": { "line": 384, "column": 29 }
          },
          {
            "start": { "line": 384, "column": 33 },
            "end": { "line": 384, "column": 43 }
          }
        ],
        "line": 384
      },
      "44": {
        "loc": {
          "start": { "line": 385, "column": 17 },
          "end": { "line": 385, "column": 49 }
        },
        "type": "binary-expr",
        "locations": [
          {
            "start": { "line": 385, "column": 17 },
            "end": { "line": 385, "column": 33 }
          },
          {
            "start": { "line": 385, "column": 37 },
            "end": { "line": 385, "column": 49 }
          }
        ],
        "line": 385
      },
      "45": {
        "loc": {
          "start": { "line": 386, "column": 21 },
          "end": { "line": 386, "column": 61 }
        },
        "type": "binary-expr",
        "locations": [
          {
            "start": { "line": 386, "column": 21 },
            "end": { "line": 386, "column": 41 }
          },
          {
            "start": { "line": 386, "column": 45 },
            "end": { "line": 386, "column": 61 }
          }
        ],
        "line": 386
      },
      "46": {
        "loc": {
          "start": { "line": 387, "column": 14 },
          "end": { "line": 387, "column": 40 }
        },
        "type": "binary-expr",
        "locations": [
          {
            "start": { "line": 387, "column": 14 },
            "end": { "line": 387, "column": 27 }
          },
          {
            "start": { "line": 387, "column": 31 },
            "end": { "line": 387, "column": 40 }
          }
        ],
        "line": 387
      },
      "47": {
        "loc": {
          "start": { "line": 388, "column": 19 },
          "end": { "line": 390, "column": 24 }
        },
        "type": "cond-expr",
        "locations": [
          {
            "start": { "line": 389, "column": 6 },
            "end": { "line": 389, "column": 20 }
          },
          {
            "start": { "line": 390, "column": 6 },
            "end": { "line": 390, "column": 24 }
          }
        ],
        "line": 388
      },
      "48": {
        "loc": {
          "start": { "line": 391, "column": 17 },
          "end": { "line": 391, "column": 78 }
        },
        "type": "cond-expr",
        "locations": [
          {
            "start": { "line": 391, "column": 47 },
            "end": { "line": 391, "column": 59 }
          },
          {
            "start": { "line": 391, "column": 62 },
            "end": { "line": 391, "column": 78 }
          }
        ],
        "line": 391
      },
      "49": {
        "loc": {
          "start": { "line": 394, "column": 2 },
          "end": { "line": 396, "column": 3 }
        },
        "type": "if",
        "locations": [
          {
            "start": { "line": 394, "column": 2 },
            "end": { "line": 396, "column": 3 }
          },
          {
            "start": { "line": 394, "column": 2 },
            "end": { "line": 396, "column": 3 }
          }
        ],
        "line": 394
      },
      "50": {
        "loc": {
          "start": { "line": 397, "column": 2 },
          "end": { "line": 399, "column": 3 }
        },
        "type": "if",
        "locations": [
          {
            "start": { "line": 397, "column": 2 },
            "end": { "line": 399, "column": 3 }
          },
          {
            "start": { "line": 397, "column": 2 },
            "end": { "line": 399, "column": 3 }
          }
        ],
        "line": 397
      },
      "51": {
        "loc": {
          "start": { "line": 432, "column": 2 },
          "end": { "line": 434, "column": 3 }
        },
        "type": "if",
        "locations": [
          {
            "start": { "line": 432, "column": 2 },
            "end": { "line": 434, "column": 3 }
          },
          {
            "start": { "line": 432, "column": 2 },
            "end": { "line": 434, "column": 3 }
          }
        ],
        "line": 432
      },
      "52": {
        "loc": {
          "start": { "line": 435, "column": 2 },
          "end": { "line": 439, "column": 3 }
        },
        "type": "if",
        "locations": [
          {
            "start": { "line": 435, "column": 2 },
            "end": { "line": 439, "column": 3 }
          },
          {
            "start": { "line": 435, "column": 2 },
            "end": { "line": 439, "column": 3 }
          }
        ],
        "line": 435
      },
      "53": {
        "loc": {
          "start": { "line": 441, "column": 2 },
          "end": { "line": 443, "column": 3 }
        },
        "type": "if",
        "locations": [
          {
            "start": { "line": 441, "column": 2 },
            "end": { "line": 443, "column": 3 }
          },
          {
            "start": { "line": 441, "column": 2 },
            "end": { "line": 443, "column": 3 }
          }
        ],
        "line": 441
      },
      "54": {
        "loc": {
          "start": { "line": 448, "column": 2 },
          "end": { "line": 450, "column": 3 }
        },
        "type": "if",
        "locations": [
          {
            "start": { "line": 448, "column": 2 },
            "end": { "line": 450, "column": 3 }
          },
          {
            "start": { "line": 448, "column": 2 },
            "end": { "line": 450, "column": 3 }
          }
        ],
        "line": 448
      },
      "55": {
        "loc": {
          "start": { "line": 451, "column": 2 },
          "end": { "line": 453, "column": 3 }
        },
        "type": "if",
        "locations": [
          {
            "start": { "line": 451, "column": 2 },
            "end": { "line": 453, "column": 3 }
          },
          {
            "start": { "line": 451, "column": 2 },
            "end": { "line": 453, "column": 3 }
          }
        ],
        "line": 451
      }
    },
    "s": {
      "0": 1,
      "1": 1,
      "2": 1,
      "3": 1,
      "4": 1,
      "5": 1,
      "6": 1,
      "7": 1,
      "8": 1,
      "9": 1,
      "10": 1,
      "11": 1,
      "12": 0,
      "13": 0,
      "14": 0,
      "15": 0,
      "16": 0,
      "17": 0,
      "18": 1,
      "19": 1,
      "20": 3,
      "21": 3,
      "22": 1,
      "23": 2,
      "24": 1,
      "25": 1,
      "26": 1,
      "27": 1,
      "28": 0,
      "29": 0,
      "30": 0,
      "31": 0,
      "32": 0,
      "33": 0,
      "34": 1,
      "35": 1,
      "36": 9,
      "37": 9,
      "38": 5,
      "39": 4,
      "40": 4,
      "41": 4,
      "42": 1,
      "43": 4,
      "44": 4,
      "45": 4,
      "46": 5,
      "47": 5,
      "48": 0,
      "49": 5,
      "50": 1,
      "51": 4,
      "52": 4,
      "53": 4,
      "54": 0,
      "55": 4,
      "56": 1,
      "57": 3,
      "58": 4,
      "59": 4,
      "60": 0,
      "61": 4,
      "62": 1,
      "63": 3,
      "64": 3,
      "65": 3,
      "66": 0,
      "67": 3,
      "68": 1,
      "69": 2,
      "70": 2,
      "71": 0,
      "72": 2,
      "73": 1,
      "74": 1,
      "75": 1,
      "76": 1,
      "77": 0,
      "78": 1,
      "79": 0,
      "80": 1,
      "81": 1,
      "82": 1,
      "83": 13,
      "84": 13,
      "85": 13,
      "86": 9,
      "87": 4,
      "88": 4,
      "89": 0,
      "90": 4,
      "91": 3,
      "92": 1,
      "93": 1,
      "94": 1,
      "95": 1,
      "96": 0,
      "97": 1,
      "98": 0,
      "99": 1,
      "100": 1,
      "101": 1,
      "102": 0,
      "103": 1,
      "104": 0,
      "105": 1,
      "106": 1,
      "107": 1,
      "108": 1,
      "109": 0,
      "110": 1,
      "111": 0,
      "112": 1,
      "113": 1,
      "114": 1,
      "115": 0,
      "116": 1,
      "117": 0,
      "118": 1,
      "119": 0,
      "120": 0,
      "121": 0,
      "122": 0,
      "123": 0,
      "124": 1,
      "125": 1,
      "126": 1,
      "127": 1,
      "128": 1,
      "129": 1,
      "130": 1,
      "131": 1,
      "132": 1,
      "133": 0,
      "134": 1,
      "135": 0,
      "136": 1,
      "137": 1,
      "138": 1,
      "139": 4,
      "140": 4,
      "141": 1,
      "142": 3,
      "143": 1,
      "144": 2,
      "145": 1,
      "146": 1,
      "147": 1,
      "148": 1,
      "149": 0,
      "150": 1,
      "151": 0,
      "152": 1,
      "153": 1,
      "154": 1
    },
    "f": {
      "0": 0,
      "1": 3,
      "2": 0,
      "3": 9,
      "4": 5,
      "5": 4,
      "6": 13,
      "7": 1,
      "8": 1,
      "9": 4
    },
    "b": {
      "0": [0, 0],
      "1": [0, 0],
      "2": [1, 2],
      "3": [1, 1],
      "4": [0, 0],
      "5": [0, 0],
      "6": [5, 4],
      "7": [4, 0],
      "8": [4, 3],
      "9": [1, 3],
      "10": [4, 0],
      "11": [0, 5],
      "12": [1, 4],
      "13": [0, 4],
      "14": [1, 3],
      "15": [0, 4],
      "16": [1, 3],
      "17": [0, 3],
      "18": [1, 2],
      "19": [3, 3],
      "20": [0, 2],
      "21": [1, 1],
      "22": [0, 1],
      "23": [0, 1],
      "24": [9, 4],
      "25": [0, 4],
      "26": [3, 1],
      "27": [0, 1],
      "28": [0, 1],
      "29": [0, 1],
      "30": [0, 1],
      "31": [0, 1],
      "32": [1, 1],
      "33": [0, 1],
      "34": [0, 1],
      "35": [0, 1],
      "36": [0, 1],
      "37": [0, 1],
      "38": [1, 1],
      "39": [0, 1],
      "40": [0, 0],
      "41": [0, 0],
      "42": [1, 1],
      "43": [1, 0],
      "44": [1, 0],
      "45": [1, 0],
      "46": [1, 0],
      "47": [1, 0],
      "48": [1, 0],
      "49": [0, 1],
      "50": [0, 1],
      "51": [1, 3],
      "52": [1, 2],
      "53": [1, 1],
      "54": [0, 1],
      "55": [0, 1]
    },
    "_coverageSchema": "1a1c01bbd47fc00a2c39e90264f33305004495a9",
    "hash": "fee6e6aa278609eb018ae3d6d9fc2c9fbc1dbd3c",
    "contentHash": "ba1f20319045083415b6cf42a3dbfbde64faf7bc2a8d38d840e6e8d3f2e5cb6e"
  },
  "/Users/alexkim/Documents/Development/work-with/backend/_constants/error.constants.js": {
    "path": "/Users/alexkim/Documents/Development/work-with/backend/_constants/error.constants.js",
    "statementMap": {
      "0": {
        "start": { "line": 3, "column": 19 },
        "end": { "line": 20, "column": 1 }
      },
      "1": {
        "start": { "line": 22, "column": 0 },
        "end": { "line": 22, "column": 39 }
      }
    },
    "fnMap": {},
    "branchMap": {},
    "s": { "0": 1, "1": 1 },
    "f": {},
    "b": {},
    "_coverageSchema": "1a1c01bbd47fc00a2c39e90264f33305004495a9",
    "hash": "23b4acf8a98c5f1c577fc1c812082a9d18aaff77",
    "contentHash": "5fe0f71c284c8f97846ad073755da262cdfe11b869e4978e61d87b193fe56d55"
  },
  "/Users/alexkim/Documents/Development/work-with/backend/models/project.model.js": {
    "path": "/Users/alexkim/Documents/Development/work-with/backend/models/project.model.js",
    "statementMap": {
      "0": {
        "start": { "line": 1, "column": 17 },
        "end": { "line": 1, "column": 36 }
      },
      "1": {
        "start": { "line": 3, "column": 19 },
        "end": { "line": 3, "column": 27 }
      },
      "2": {
        "start": { "line": 4, "column": 21 },
        "end": { "line": 4, "column": 42 }
      },
      "3": {
        "start": { "line": 55, "column": 22 },
        "end": { "line": 66, "column": 1 }
      },
      "4": {
        "start": { "line": 68, "column": 16 },
        "end": { "line": 68, "column": 56 }
      },
      "5": {
        "start": { "line": 70, "column": 0 },
        "end": { "line": 70, "column": 25 }
      }
    },
    "fnMap": {},
    "branchMap": {},
    "s": { "0": 1, "1": 1, "2": 1, "3": 1, "4": 1, "5": 1 },
    "f": {},
    "b": {},
    "_coverageSchema": "1a1c01bbd47fc00a2c39e90264f33305004495a9",
    "hash": "05c842fec8c6d72c0a991072fc7b17bbb9346d56",
    "contentHash": "7b79d0e3936d0e9f71810f7b382bc671f04bb9863a307776d725dac4890f4e76"
  },
  "/Users/alexkim/Documents/Development/work-with/backend/models/note.model.js": {
    "path": "/Users/alexkim/Documents/Development/work-with/backend/models/note.model.js",
    "statementMap": {
      "0": {
        "start": { "line": 1, "column": 17 },
        "end": { "line": 1, "column": 36 }
      },
      "1": {
        "start": { "line": 3, "column": 19 },
        "end": { "line": 3, "column": 27 }
      },
      "2": {
        "start": { "line": 4, "column": 21 },
        "end": { "line": 4, "column": 42 }
      },
      "3": {
        "start": { "line": 66, "column": 19 },
        "end": { "line": 80, "column": 1 }
      },
      "4": {
        "start": { "line": 82, "column": 13 },
        "end": { "line": 82, "column": 47 }
      },
      "5": {
        "start": { "line": 84, "column": 0 },
        "end": { "line": 84, "column": 22 }
      }
    },
    "fnMap": {},
    "branchMap": {},
    "s": { "0": 1, "1": 1, "2": 1, "3": 1, "4": 1, "5": 1 },
    "f": {},
    "b": {},
    "_coverageSchema": "1a1c01bbd47fc00a2c39e90264f33305004495a9",
    "hash": "835743c991bb5c3ece3437318b28c53e3498873b",
    "contentHash": "03e3fc645aedce26edcee38f709ccf6ae80a5cc72c4016ca0883f962462246e9"
  },
  "/Users/alexkim/Documents/Development/work-with/backend/_utils/authorize.util.js": {
    "path": "/Users/alexkim/Documents/Development/work-with/backend/_utils/authorize.util.js",
    "statementMap": {
      "0": {
        "start": { "line": 2, "column": 12 },
        "end": { "line": 2, "column": 35 }
      },
      "1": {
        "start": { "line": 3, "column": 10 },
        "end": { "line": 3, "column": 27 }
      },
      "2": {
        "start": { "line": 4, "column": 23 },
        "end": { "line": 4, "column": 63 }
      },
      "3": {
        "start": { "line": 5, "column": 23 },
        "end": { "line": 5, "column": 58 }
      },
      "4": {
        "start": { "line": 7, "column": 18 },
        "end": { "line": 49, "column": 1 }
      },
      "5": {
        "start": { "line": 8, "column": 21 },
        "end": { "line": 8, "column": 64 }
      },
      "6": {
        "start": { "line": 10, "column": 2 },
        "end": { "line": 48, "column": 4 }
      },
      "7": {
        "start": { "line": 13, "column": 18 },
        "end": { "line": 13, "column": 43 }
      },
      "8": {
        "start": { "line": 14, "column": 6 },
        "end": { "line": 18, "column": 7 }
      },
      "9": {
        "start": { "line": 15, "column": 8 },
        "end": { "line": 17, "column": 50 }
      },
      "10": {
        "start": { "line": 19, "column": 6 },
        "end": { "line": 19, "column": 49 }
      },
      "11": {
        "start": { "line": 20, "column": 21 },
        "end": { "line": 25, "column": 8 }
      },
      "12": {
        "start": { "line": 28, "column": 6 },
        "end": { "line": 36, "column": 9 }
      },
      "13": {
        "start": { "line": 29, "column": 8 },
        "end": { "line": 33, "column": 9 }
      },
      "14": {
        "start": { "line": 30, "column": 10 },
        "end": { "line": 32, "column": 52 }
      },
      "15": {
        "start": { "line": 34, "column": 8 },
        "end": { "line": 34, "column": 24 }
      },
      "16": {
        "start": { "line": 35, "column": 8 },
        "end": { "line": 35, "column": 15 }
      },
      "17": {
        "start": { "line": 39, "column": 6 },
        "end": { "line": 44, "column": 7 }
      },
      "18": {
        "start": { "line": 41, "column": 8 },
        "end": { "line": 43, "column": 43 }
      },
      "19": {
        "start": { "line": 46, "column": 6 },
        "end": { "line": 46, "column": 13 }
      },
      "20": {
        "start": { "line": 51, "column": 0 },
        "end": { "line": 51, "column": 27 }
      }
    },
    "fnMap": {
      "0": {
        "name": "(anonymous_0)",
        "decl": {
          "start": { "line": 7, "column": 18 },
          "end": { "line": 7, "column": 19 }
        },
        "loc": {
          "start": { "line": 7, "column": 34 },
          "end": { "line": 49, "column": 1 }
        },
        "line": 7
      },
      "1": {
        "name": "(anonymous_1)",
        "decl": {
          "start": { "line": 12, "column": 4 },
          "end": { "line": 12, "column": 5 }
        },
        "loc": {
          "start": { "line": 12, "column": 24 },
          "end": { "line": 37, "column": 5 }
        },
        "line": 12
      },
      "2": {
        "name": "(anonymous_2)",
        "decl": {
          "start": { "line": 28, "column": 32 },
          "end": { "line": 28, "column": 33 }
        },
        "loc": {
          "start": { "line": 28, "column": 47 },
          "end": { "line": 36, "column": 7 }
        },
        "line": 28
      },
      "3": {
        "name": "(anonymous_3)",
        "decl": {
          "start": { "line": 38, "column": 4 },
          "end": { "line": 38, "column": 5 }
        },
        "loc": {
          "start": { "line": 38, "column": 24 },
          "end": { "line": 47, "column": 5 }
        },
        "line": 38
      }
    },
    "branchMap": {
      "0": {
        "loc": {
          "start": { "line": 7, "column": 19 },
          "end": { "line": 7, "column": 29 }
        },
        "type": "default-arg",
        "locations": [
          {
            "start": { "line": 7, "column": 27 },
            "end": { "line": 7, "column": 29 }
          }
        ],
        "line": 7
      },
      "1": {
        "loc": {
          "start": { "line": 8, "column": 21 },
          "end": { "line": 8, "column": 64 }
        },
        "type": "cond-expr",
        "locations": [
          {
            "start": { "line": 8, "column": 49 },
            "end": { "line": 8, "column": 56 }
          },
          {
            "start": { "line": 8, "column": 59 },
            "end": { "line": 8, "column": 64 }
          }
        ],
        "line": 8
      },
      "2": {
        "loc": {
          "start": { "line": 14, "column": 6 },
          "end": { "line": 18, "column": 7 }
        },
        "type": "if",
        "locations": [
          {
            "start": { "line": 14, "column": 6 },
            "end": { "line": 18, "column": 7 }
          },
          {
            "start": { "line": 14, "column": 6 },
            "end": { "line": 18, "column": 7 }
          }
        ],
        "line": 14
      },
      "3": {
        "loc": {
          "start": { "line": 29, "column": 8 },
          "end": { "line": 33, "column": 9 }
        },
        "type": "if",
        "locations": [
          {
            "start": { "line": 29, "column": 8 },
            "end": { "line": 33, "column": 9 }
          },
          {
            "start": { "line": 29, "column": 8 },
            "end": { "line": 33, "column": 9 }
          }
        ],
        "line": 29
      },
      "4": {
        "loc": {
          "start": { "line": 29, "column": 12 },
          "end": { "line": 29, "column": 46 }
        },
        "type": "binary-expr",
        "locations": [
          {
            "start": { "line": 29, "column": 12 },
            "end": { "line": 29, "column": 27 }
          },
          {
            "start": { "line": 29, "column": 31 },
            "end": { "line": 29, "column": 46 }
          }
        ],
        "line": 29
      },
      "5": {
        "loc": {
          "start": { "line": 39, "column": 6 },
          "end": { "line": 44, "column": 7 }
        },
        "type": "if",
        "locations": [
          {
            "start": { "line": 39, "column": 6 },
            "end": { "line": 44, "column": 7 }
          },
          {
            "start": { "line": 39, "column": 6 },
            "end": { "line": 44, "column": 7 }
          }
        ],
        "line": 39
      },
      "6": {
        "loc": {
          "start": { "line": 39, "column": 10 },
          "end": { "line": 39, "column": 71 }
        },
        "type": "binary-expr",
        "locations": [
          {
            "start": { "line": 39, "column": 10 },
            "end": { "line": 39, "column": 32 }
          },
          {
            "start": { "line": 39, "column": 36 },
            "end": { "line": 39, "column": 71 }
          }
        ],
        "line": 39
      }
    },
    "s": {
      "0": 1,
      "1": 1,
      "2": 1,
      "3": 1,
      "4": 1,
      "5": 16,
      "6": 16,
      "7": 71,
      "8": 71,
      "9": 3,
      "10": 68,
      "11": 68,
      "12": 68,
      "13": 68,
      "14": 0,
      "15": 68,
      "16": 68,
      "17": 68,
      "18": 0,
      "19": 68,
      "20": 1
    },
    "f": { "0": 16, "1": 71, "2": 68, "3": 68 },
    "b": {
      "0": [2],
      "1": [3, 13],
      "2": [3, 68],
      "3": [0, 68],
      "4": [68, 68],
      "5": [0, 68],
      "6": [68, 65]
    },
    "_coverageSchema": "1a1c01bbd47fc00a2c39e90264f33305004495a9",
    "hash": "36eeab839006161725ed35e1176856b84f7bfcdf",
    "contentHash": "4561d8523398ef4113b2fdf5a41e42bc796b6d588705af4009cd8e949a73c491"
  },
  "/Users/alexkim/Documents/Development/work-with/backend/validators/add.note.validator.js": {
    "path": "/Users/alexkim/Documents/Development/work-with/backend/validators/add.note.validator.js",
    "statementMap": {
      "0": {
        "start": { "line": 1, "column": 10 },
        "end": { "line": 1, "column": 27 }
      },
      "1": {
        "start": { "line": 2, "column": 18 },
        "end": { "line": 2, "column": 53 }
      },
      "2": {
        "start": { "line": 4, "column": 27 },
        "end": { "line": 4, "column": 36 }
      },
      "3": {
        "start": { "line": 6, "column": 29 },
        "end": { "line": 73, "column": 1 }
      },
      "4": {
        "start": { "line": 7, "column": 17 },
        "end": { "line": 7, "column": 19 }
      },
      "5": {
        "start": { "line": 10, "column": 24 },
        "end": { "line": 18, "column": 3 }
      },
      "6": {
        "start": { "line": 21, "column": 2 },
        "end": { "line": 23, "column": 3 }
      },
      "7": {
        "start": { "line": 22, "column": 4 },
        "end": { "line": 22, "column": 54 }
      },
      "8": {
        "start": { "line": 24, "column": 2 },
        "end": { "line": 29, "column": 3 }
      },
      "9": {
        "start": { "line": 28, "column": 4 },
        "end": { "line": 28, "column": 62 }
      },
      "10": {
        "start": { "line": 32, "column": 2 },
        "end": { "line": 34, "column": 3 }
      },
      "11": {
        "start": { "line": 33, "column": 4 },
        "end": { "line": 33, "column": 51 }
      },
      "12": {
        "start": { "line": 35, "column": 2 },
        "end": { "line": 40, "column": 3 }
      },
      "13": {
        "start": { "line": 39, "column": 4 },
        "end": { "line": 39, "column": 53 }
      },
      "14": {
        "start": { "line": 43, "column": 2 },
        "end": { "line": 48, "column": 3 }
      },
      "15": {
        "start": { "line": 47, "column": 4 },
        "end": { "line": 47, "column": 62 }
      },
      "16": {
        "start": { "line": 51, "column": 2 },
        "end": { "line": 56, "column": 3 }
      },
      "17": {
        "start": { "line": 55, "column": 4 },
        "end": { "line": 55, "column": 59 }
      },
      "18": {
        "start": { "line": 59, "column": 2 },
        "end": { "line": 64, "column": 3 }
      },
      "19": {
        "start": { "line": 63, "column": 4 },
        "end": { "line": 63, "column": 55 }
      },
      "20": {
        "start": { "line": 67, "column": 2 },
        "end": { "line": 70, "column": 3 }
      },
      "21": {
        "start": { "line": 68, "column": 4 },
        "end": { "line": 69, "column": 71 }
      },
      "22": {
        "start": { "line": 72, "column": 2 },
        "end": { "line": 72, "column": 58 }
      },
      "23": {
        "start": { "line": 75, "column": 0 },
        "end": { "line": 75, "column": 38 }
      }
    },
    "fnMap": {
      "0": {
        "name": "(anonymous_0)",
        "decl": {
          "start": { "line": 6, "column": 29 },
          "end": { "line": 6, "column": 30 }
        },
        "loc": {
          "start": { "line": 6, "column": 37 },
          "end": { "line": 73, "column": 1 }
        },
        "line": 6
      }
    },
    "branchMap": {
      "0": {
        "loc": {
          "start": { "line": 21, "column": 2 },
          "end": { "line": 23, "column": 3 }
        },
        "type": "if",
        "locations": [
          {
            "start": { "line": 21, "column": 2 },
            "end": { "line": 23, "column": 3 }
          },
          {
            "start": { "line": 21, "column": 2 },
            "end": { "line": 23, "column": 3 }
          }
        ],
        "line": 21
      },
      "1": {
        "loc": {
          "start": { "line": 24, "column": 2 },
          "end": { "line": 29, "column": 3 }
        },
        "type": "if",
        "locations": [
          {
            "start": { "line": 24, "column": 2 },
            "end": { "line": 29, "column": 3 }
          },
          {
            "start": { "line": 24, "column": 2 },
            "end": { "line": 29, "column": 3 }
          }
        ],
        "line": 24
      },
      "2": {
        "loc": {
          "start": { "line": 25, "column": 4 },
          "end": { "line": 26, "column": 50 }
        },
        "type": "binary-expr",
        "locations": [
          {
            "start": { "line": 25, "column": 4 },
            "end": { "line": 25, "column": 47 }
          },
          {
            "start": { "line": 26, "column": 4 },
            "end": { "line": 26, "column": 50 }
          }
        ],
        "line": 25
      },
      "3": {
        "loc": {
          "start": { "line": 32, "column": 2 },
          "end": { "line": 34, "column": 3 }
        },
        "type": "if",
        "locations": [
          {
            "start": { "line": 32, "column": 2 },
            "end": { "line": 34, "column": 3 }
          },
          {
            "start": { "line": 32, "column": 2 },
            "end": { "line": 34, "column": 3 }
          }
        ],
        "line": 32
      },
      "4": {
        "loc": {
          "start": { "line": 35, "column": 2 },
          "end": { "line": 40, "column": 3 }
        },
        "type": "if",
        "locations": [
          {
            "start": { "line": 35, "column": 2 },
            "end": { "line": 40, "column": 3 }
          },
          {
            "start": { "line": 35, "column": 2 },
            "end": { "line": 40, "column": 3 }
          }
        ],
        "line": 35
      },
      "5": {
        "loc": {
          "start": { "line": 36, "column": 4 },
          "end": { "line": 37, "column": 45 }
        },
        "type": "binary-expr",
        "locations": [
          {
            "start": { "line": 36, "column": 4 },
            "end": { "line": 36, "column": 37 }
          },
          {
            "start": { "line": 37, "column": 4 },
            "end": { "line": 37, "column": 45 }
          }
        ],
        "line": 36
      },
      "6": {
        "loc": {
          "start": { "line": 43, "column": 2 },
          "end": { "line": 48, "column": 3 }
        },
        "type": "if",
        "locations": [
          {
            "start": { "line": 43, "column": 2 },
            "end": { "line": 48, "column": 3 }
          },
          {
            "start": { "line": 43, "column": 2 },
            "end": { "line": 48, "column": 3 }
          }
        ],
        "line": 43
      },
      "7": {
        "loc": {
          "start": { "line": 44, "column": 4 },
          "end": { "line": 45, "column": 49 }
        },
        "type": "binary-expr",
        "locations": [
          {
            "start": { "line": 44, "column": 4 },
            "end": { "line": 44, "column": 41 }
          },
          {
            "start": { "line": 45, "column": 4 },
            "end": { "line": 45, "column": 49 }
          }
        ],
        "line": 44
      },
      "8": {
        "loc": {
          "start": { "line": 51, "column": 2 },
          "end": { "line": 56, "column": 3 }
        },
        "type": "if",
        "locations": [
          {
            "start": { "line": 51, "column": 2 },
            "end": { "line": 56, "column": 3 }
          },
          {
            "start": { "line": 51, "column": 2 },
            "end": { "line": 56, "column": 3 }
          }
        ],
        "line": 51
      },
      "9": {
        "loc": {
          "start": { "line": 52, "column": 4 },
          "end": { "line": 53, "column": 49 }
        },
        "type": "binary-expr",
        "locations": [
          {
            "start": { "line": 52, "column": 4 },
            "end": { "line": 52, "column": 39 }
          },
          {
            "start": { "line": 53, "column": 4 },
            "end": { "line": 53, "column": 49 }
          }
        ],
        "line": 52
      },
      "10": {
        "loc": {
          "start": { "line": 59, "column": 2 },
          "end": { "line": 64, "column": 3 }
        },
        "type": "if",
        "locations": [
          {
            "start": { "line": 59, "column": 2 },
            "end": { "line": 64, "column": 3 }
          },
          {
            "start": { "line": 59, "column": 2 },
            "end": { "line": 64, "column": 3 }
          }
        ],
        "line": 59
      },
      "11": {
        "loc": {
          "start": { "line": 60, "column": 4 },
          "end": { "line": 61, "column": 47 }
        },
        "type": "binary-expr",
        "locations": [
          {
            "start": { "line": 60, "column": 4 },
            "end": { "line": 60, "column": 37 }
          },
          {
            "start": { "line": 61, "column": 4 },
            "end": { "line": 61, "column": 47 }
          }
        ],
        "line": 60
      },
      "12": {
        "loc": {
          "start": { "line": 67, "column": 2 },
          "end": { "line": 70, "column": 3 }
        },
        "type": "if",
        "locations": [
          {
            "start": { "line": 67, "column": 2 },
            "end": { "line": 70, "column": 3 }
          },
[...]
          {
            "start": { "line": 25, "column": 4 },
            "end": { "line": 25, "column": 42 }
          },
          {
            "start": { "line": 26, "column": 4 },
            "end": { "line": 26, "column": 36 }
          },
          {
            "start": { "line": 27, "column": 4 },
            "end": { "line": 27, "column": 34 }
          },
          {
            "start": { "line": 28, "column": 4 },
            "end": { "line": 28, "column": 44 }
          }
        ],
        "line": 25
      },
      "3": {
        "loc": {
          "start": { "line": 34, "column": 2 },
          "end": { "line": 39, "column": 3 }
        },
        "type": "if",
        "locations": [
          {
            "start": { "line": 34, "column": 2 },
            "end": { "line": 39, "column": 3 }
          },
          {
            "start": { "line": 34, "column": 2 },
            "end": { "line": 39, "column": 3 }
          }
        ],
        "line": 34
      },
      "4": {
        "loc": {
          "start": { "line": 35, "column": 4 },
          "end": { "line": 36, "column": 44 }
        },
        "type": "binary-expr",
        "locations": [
          {
            "start": { "line": 35, "column": 4 },
            "end": { "line": 35, "column": 41 }
          },
          {
            "start": { "line": 36, "column": 4 },
            "end": { "line": 36, "column": 44 }
          }
        ],
        "line": 35
      },
      "5": {
        "loc": {
          "start": { "line": 42, "column": 2 },
          "end": { "line": 47, "column": 3 }
        },
        "type": "if",
        "locations": [
          {
            "start": { "line": 42, "column": 2 },
            "end": { "line": 47, "column": 3 }
          },
          {
            "start": { "line": 42, "column": 2 },
            "end": { "line": 47, "column": 3 }
          }
        ],
        "line": 42
      },
      "6": {
        "loc": {
          "start": { "line": 43, "column": 4 },
          "end": { "line": 44, "column": 45 }
        },
        "type": "binary-expr",
        "locations": [
          {
            "start": { "line": 43, "column": 4 },
            "end": { "line": 43, "column": 37 }
          },
          {
            "start": { "line": 44, "column": 4 },
            "end": { "line": 44, "column": 45 }
          }
        ],
        "line": 43
      },
      "7": {
        "loc": {
          "start": { "line": 48, "column": 2 },
          "end": { "line": 60, "column": 3 }
        },
        "type": "if",
        "locations": [
          {
            "start": { "line": 48, "column": 2 },
            "end": { "line": 60, "column": 3 }
          },
          {
            "start": { "line": 48, "column": 2 },
            "end": { "line": 60, "column": 3 }
          }
        ],
        "line": 48
      },
      "8": {
        "loc": {
          "start": { "line": 49, "column": 4 },
          "end": { "line": 50, "column": 44 }
        },
        "type": "binary-expr",
        "locations": [
          {
            "start": { "line": 49, "column": 4 },
            "end": { "line": 49, "column": 37 }
          },
          {
            "start": { "line": 50, "column": 4 },
            "end": { "line": 50, "column": 44 }
          }
        ],
        "line": 49
      },
      "9": {
        "loc": {
          "start": { "line": 53, "column": 13 },
          "end": { "line": 55, "column": 14 }
        },
        "type": "cond-expr",
        "locations": [
          {
            "start": { "line": 54, "column": 10 },
            "end": { "line": 54, "column": 50 }
          },
          {
            "start": { "line": 55, "column": 10 },
            "end": { "line": 55, "column": 14 }
          }
        ],
        "line": 53
      },
      "10": {
        "loc": {
          "start": { "line": 57, "column": 4 },
          "end": { "line": 59, "column": 5 }
        },
        "type": "if",
        "locations": [
          {
            "start": { "line": 57, "column": 4 },
            "end": { "line": 59, "column": 5 }
          },
          {
            "start": { "line": 57, "column": 4 },
            "end": { "line": 59, "column": 5 }
          }
        ],
        "line": 57
      },
      "11": {
        "loc": {
          "start": { "line": 63, "column": 2 },
          "end": { "line": 68, "column": 3 }
        },
        "type": "if",
        "locations": [
          {
            "start": { "line": 63, "column": 2 },
            "end": { "line": 68, "column": 3 }
          },
          {
            "start": { "line": 63, "column": 2 },
            "end": { "line": 68, "column": 3 }
          }
        ],
        "line": 63
      },
      "12": {
        "loc": {
          "start": { "line": 64, "column": 4 },
          "end": { "line": 65, "column": 43 }
        },
        "type": "binary-expr",
        "locations": [
          {
            "start": { "line": 64, "column": 4 },
            "end": { "line": 64, "column": 35 }
          },
          {
            "start": { "line": 65, "column": 4 },
            "end": { "line": 65, "column": 43 }
          }
        ],
        "line": 64
      },
      "13": {
        "loc": {
          "start": { "line": 69, "column": 2 },
          "end": { "line": 83, "column": 3 }
        },
        "type": "if",
        "locations": [
          {
            "start": { "line": 69, "column": 2 },
            "end": { "line": 83, "column": 3 }
          },
          {
            "start": { "line": 69, "column": 2 },
            "end": { "line": 83, "column": 3 }
          }
        ],
        "line": 69
      },
      "14": {
        "loc": {
          "start": { "line": 70, "column": 4 },
          "end": { "line": 71, "column": 42 }
        },
        "type": "binary-expr",
        "locations": [
          {
            "start": { "line": 70, "column": 4 },
            "end": { "line": 70, "column": 35 }
          },
          {
            "start": { "line": 71, "column": 4 },
            "end": { "line": 71, "column": 42 }
          }
        ],
        "line": 70
      },
      "15": {
        "loc": {
          "start": { "line": 75, "column": 15 },
          "end": { "line": 77, "column": 14 }
        },
        "type": "cond-expr",
        "locations": [
          {
            "start": { "line": 76, "column": 12 },
            "end": { "line": 76, "column": 50 }
          },
          {
            "start": { "line": 77, "column": 12 },
            "end": { "line": 77, "column": 14 }
          }
        ],
        "line": 75
      },
      "16": {
        "loc": {
          "start": { "line": 80, "column": 4 },
          "end": { "line": 82, "column": 5 }
        },
        "type": "if",
        "locations": [
          {
            "start": { "line": 80, "column": 4 },
            "end": { "line": 82, "column": 5 }
          },
          {
            "start": { "line": 80, "column": 4 },
            "end": { "line": 82, "column": 5 }
          }
        ],
        "line": 80
      },
      "17": {
        "loc": {
          "start": { "line": 86, "column": 2 },
          "end": { "line": 91, "column": 3 }
        },
        "type": "if",
        "locations": [
          {
            "start": { "line": 86, "column": 2 },
            "end": { "line": 91, "column": 3 }
          },
          {
            "start": { "line": 86, "column": 2 },
            "end": { "line": 91, "column": 3 }
          }
        ],
        "line": 86
      },
      "18": {
        "loc": {
          "start": { "line": 87, "column": 4 },
          "end": { "line": 88, "column": 47 }
        },
        "type": "binary-expr",
        "locations": [
          {
            "start": { "line": 87, "column": 4 },
            "end": { "line": 87, "column": 37 }
          },
          {
            "start": { "line": 88, "column": 4 },
            "end": { "line": 88, "column": 47 }
          }
        ],
        "line": 87
      },
      "19": {
        "loc": {
          "start": { "line": 92, "column": 9 },
          "end": { "line": 92, "column": 57 }
        },
        "type": "cond-expr",
        "locations": [
          {
            "start": { "line": 92, "column": 30 },
            "end": { "line": 92, "column": 52 }
          },
          {
            "start": { "line": 92, "column": 55 },
            "end": { "line": 92, "column": 57 }
          }
        ],
        "line": 92
      }
    },
    "s": {
      "0": 1,
      "1": 1,
      "2": 1,
      "3": 1,
      "4": 12,
      "5": 12,
      "6": 12,
      "7": 1,
      "8": 12,
      "9": 1,
      "10": 12,
      "11": 1,
      "12": 12,
      "13": 1,
      "14": 12,
      "15": 2,
      "16": 2,
      "17": 2,
      "18": 1,
      "19": 12,
      "20": 1,
      "21": 12,
      "22": 10,
      "23": 10,
      "24": 10,
      "25": 1,
      "26": 12,
      "27": 1,
      "28": 12,
      "29": 1
    },
    "f": { "0": 12, "1": 2, "2": 10 },
    "b": {
      "0": [1, 11],
      "1": [1, 11],
      "2": [12, 1, 1, 1],
      "3": [1, 11],
      "4": [12, 12],
      "5": [1, 11],
      "6": [12, 3],
      "7": [2, 10],
      "8": [12, 3],
      "9": [1, 1],
      "10": [1, 1],
      "11": [1, 11],
      "12": [12, 11],
      "13": [10, 2],
      "14": [12, 11],
      "15": [1, 9],
      "16": [1, 9],
      "17": [1, 11],
      "18": [12, 11],
      "19": [8, 4]
    },
    "_coverageSchema": "1a1c01bbd47fc00a2c39e90264f33305004495a9",
    "hash": "660e803c534ed71af780370ef66b248e000492e7",
    "contentHash": "b6711a65dc98056c3a1950ff808275caeb62d07cdebc7584211908d79e7199a5"
  },
  "/Users/alexkim/Documents/Development/work-with/backend/_constants/test.constants.js": {
    "path": "/Users/alexkim/Documents/Development/work-with/backend/_constants/test.constants.js",
    "statementMap": {
      "0": {
        "start": { "line": 1, "column": 10 },
        "end": { "line": 1, "column": 27 }
      },
      "1": {
        "start": { "line": 2, "column": 13 },
        "end": { "line": 2, "column": 44 }
      },
      "2": {
        "start": { "line": 4, "column": 13 },
        "end": { "line": 9, "column": 1 }
      },
      "3": {
        "start": { "line": 11, "column": 14 },
        "end": { "line": 17, "column": 1 }
      },
      "4": {
        "start": { "line": 19, "column": 16 },
        "end": { "line": 23, "column": 1 }
      },
      "5": {
        "start": { "line": 25, "column": 17 },
        "end": { "line": 33, "column": 1 }
      },
      "6": {
        "start": { "line": 35, "column": 17 },
        "end": { "line": 35, "column": 76 }
      },
      "7": {
        "start": { "line": 37, "column": 0 },
        "end": { "line": 42, "column": 2 }
      }
    },
    "fnMap": {},
    "branchMap": {},
    "s": { "0": 1, "1": 1, "2": 1, "3": 1, "4": 1, "5": 1, "6": 1, "7": 1 },
    "f": {},
    "b": {},
    "_coverageSchema": "1a1c01bbd47fc00a2c39e90264f33305004495a9",
    "hash": "20dfc06ad51b8b0a6a3ea89926cec454741fb45e",
    "contentHash": "eb20ded4284b3b3120abea4434af4915f6a7a560aa32a6638088e62b728a8f90"
  },
  "/Users/alexkim/Documents/Development/work-with/backend/_utils/testNoteResponse.util.js": {
    "path": "/Users/alexkim/Documents/Development/work-with/backend/_utils/testNoteResponse.util.js",
    "statementMap": {
      "0": {
        "start": { "line": 1, "column": 19 },
        "end": { "line": 1, "column": 34 }
      },
      "1": {
        "start": { "line": 3, "column": 25 },
        "end": { "line": 25, "column": 1 }
      },
      "2": {
        "start": { "line": 4, "column": 2 },
        "end": { "line": 4, "column": 33 }
      },
      "3": {
        "start": { "line": 5, "column": 2 },
        "end": { "line": 5, "column": 39 }
      },
      "4": {
        "start": { "line": 6, "column": 2 },
        "end": { "line": 6, "column": 44 }
      },
      "5": {
        "start": { "line": 7, "column": 2 },
        "end": { "line": 20, "column": 4 }
      },
      "6": {
        "start": { "line": 21, "column": 2 },
        "end": { "line": 21, "column": 62 }
      },
      "7": {
        "start": { "line": 22, "column": 2 },
        "end": { "line": 22, "column": 68 }
      },
      "8": {
        "start": { "line": 23, "column": 2 },
        "end": { "line": 23, "column": 60 }
      },
      "9": {
        "start": { "line": 24, "column": 2 },
        "end": { "line": 24, "column": 58 }
      },
      "10": {
        "start": { "line": 27, "column": 0 },
        "end": { "line": 27, "column": 34 }
      }
    },
    "fnMap": {
      "0": {
        "name": "(anonymous_0)",
        "decl": {
          "start": { "line": 3, "column": 25 },
          "end": { "line": 3, "column": 26 }
        },
        "loc": {
          "start": { "line": 3, "column": 49 },
          "end": { "line": 25, "column": 1 }
        },
        "line": 3
      }
    },
    "branchMap": {},
    "s": {
      "0": 1,
      "1": 1,
      "2": 3,
      "3": 3,
      "4": 3,
      "5": 3,
      "6": 3,
      "7": 3,
      "8": 3,
      "9": 3,
      "10": 1
    },
    "f": { "0": 3 },
    "b": {},
    "_coverageSchema": "1a1c01bbd47fc00a2c39e90264f33305004495a9",
    "hash": "dd01cfbcb8df4efce4f83c3c1aacba4d5d0b1576",
    "contentHash": "f2b15cc1151c4df5b05ab9239843ec09250c8a949d3db1aec86ae3791e71412f"
  },
  "/Users/alexkim/Documents/Development/work-with/backend/_utils/testProjectResponse.util.js": {
    "path": "/Users/alexkim/Documents/Development/work-with/backend/_utils/testProjectResponse.util.js",
    "statementMap": {
      "0": {
        "start": { "line": 1, "column": 19 },
        "end": { "line": 1, "column": 34 }
      },
      "1": {
        "start": { "line": 3, "column": 28 },
        "end": { "line": 21, "column": 1 }
      },
      "2": {
        "start": { "line": 4, "column": 2 },
        "end": { "line": 4, "column": 33 }
      },
      "3": {
        "start": { "line": 5, "column": 2 },
        "end": { "line": 5, "column": 39 }
      },
      "4": {
        "start": { "line": 6, "column": 2 },
        "end": { "line": 6, "column": 47 }
      },
      "5": {
        "start": { "line": 7, "column": 2 },
        "end": { "line": 17, "column": 4 }
      },
      "6": {
        "start": { "line": 18, "column": 2 },
        "end": { "line": 18, "column": 73 }
      },
      "7": {
        "start": { "line": 19, "column": 2 },
        "end": { "line": 19, "column": 71 }
      },
      "8": {
        "start": { "line": 20, "column": 2 },
        "end": { "line": 20, "column": 66 }
      },
      "9": {
        "start": { "line": 23, "column": 0 },
        "end": { "line": 23, "column": 37 }
      }
    },
    "fnMap": {
      "0": {
        "name": "(anonymous_0)",
        "decl": {
          "start": { "line": 3, "column": 28 },
          "end": { "line": 3, "column": 29 }
        },
        "loc": {
          "start": { "line": 3, "column": 55 },
          "end": { "line": 21, "column": 1 }
        },
        "line": 3
      }
    },
    "branchMap": {},
    "s": {
      "0": 1,
      "1": 1,
      "2": 3,
      "3": 3,
      "4": 3,
      "5": 3,
      "6": 3,
      "7": 3,
      "8": 3,
      "9": 1
    },
    "f": { "0": 3 },
    "b": {},
    "_coverageSchema": "1a1c01bbd47fc00a2c39e90264f33305004495a9",
    "hash": "d2c5e8dfa995102e7e138428d8fc6b5b24405c58",
    "contentHash": "10c9dea0f7ac462d911b5072b826aad03d04786ff313e57a945c4365aa9ff515"
  },
  "/Users/alexkim/Documents/Development/work-with/backend/_utils/testUserResponse.util.js": {
    "path": "/Users/alexkim/Documents/Development/work-with/backend/_utils/testUserResponse.util.js",
    "statementMap": {
      "0": {
        "start": { "line": 1, "column": 19 },
        "end": { "line": 1, "column": 34 }
      },
      "1": {
        "start": { "line": 3, "column": 13 },
        "end": { "line": 3, "column": 36 }
      },
      "2": {
        "start": { "line": 5, "column": 25 },
        "end": { "line": 25, "column": 1 }
      },
      "3": {
        "start": { "line": 11, "column": 15 },
        "end": { "line": 11, "column": 47 }
      },
      "4": {
        "start": { "line": 12, "column": 2 },
        "end": { "line": 14, "column": 3 }
      },
      "5": {
        "start": { "line": 13, "column": 4 },
        "end": { "line": 13, "column": 26 }
      },
      "6": {
        "start": { "line": 15, "column": 2 },
        "end": { "line": 15, "column": 33 }
      },
      "7": {
        "start": { "line": 16, "column": 2 },
        "end": { "line": 16, "column": 39 }
      },
      "8": {
        "start": { "line": 17, "column": 2 },
        "end": { "line": 17, "column": 44 }
      },
      "9": {
        "start": { "line": 18, "column": 2 },
        "end": { "line": 21, "column": 3 }
      },
      "10": {
        "start": { "line": 19, "column": 4 },
        "end": { "line": 19, "column": 47 }
      },
      "11": {
        "start": { "line": 20, "column": 4 },
        "end": { "line": 20, "column": 54 }
      },
      "12": {
        "start": { "line": 22, "column": 2 },
        "end": { "line": 22, "column": 43 }
      },
      "13": {
        "start": { "line": 23, "column": 2 },
        "end": { "line": 23, "column": 58 }
      },
      "14": {
        "start": { "line": 24, "column": 2 },
        "end": { "line": 24, "column": 60 }
      },
      "15": {
        "start": { "line": 27, "column": 0 },
        "end": { "line": 27, "column": 34 }
      }
    },
    "fnMap": {
      "0": {
        "name": "(anonymous_0)",
        "decl": {
          "start": { "line": 5, "column": 25 },
          "end": { "line": 5, "column": 26 }
        },
        "loc": {
          "start": { "line": 10, "column": 5 },
          "end": { "line": 25, "column": 1 }
        },
        "line": 10
      }
    },
    "branchMap": {
      "0": {
        "loc": {
          "start": { "line": 8, "column": 2 },
          "end": { "line": 8, "column": 19 }
        },
        "type": "default-arg",
        "locations": [
          {
            "start": { "line": 8, "column": 14 },
            "end": { "line": 8, "column": 19 }
          }
        ],
        "line": 8
      },
      "1": {
        "loc": {
          "start": { "line": 9, "column": 2 },
          "end": { "line": 9, "column": 18 }
        },
        "type": "default-arg",
        "locations": [
          {
            "start": { "line": 9, "column": 9 },
            "end": { "line": 9, "column": 18 }
          }
        ],
        "line": 9
      },
      "2": {
        "loc": {
          "start": { "line": 12, "column": 2 },
          "end": { "line": 14, "column": 3 }
        },
        "type": "if",
        "locations": [
          {
            "start": { "line": 12, "column": 2 },
            "end": { "line": 14, "column": 3 }
          },
          {
            "start": { "line": 12, "column": 2 },
            "end": { "line": 14, "column": 3 }
          }
        ],
        "line": 12
      },
      "3": {
        "loc": {
          "start": { "line": 18, "column": 2 },
          "end": { "line": 21, "column": 3 }
        },
        "type": "if",
        "locations": [
          {
            "start": { "line": 18, "column": 2 },
            "end": { "line": 21, "column": 3 }
          },
          {
            "start": { "line": 18, "column": 2 },
            "end": { "line": 21, "column": 3 }
          }
        ],
        "line": 18
      }
    },
    "s": {
      "0": 1,
      "1": 1,
      "2": 1,
      "3": 7,
      "4": 7,
      "5": 1,
      "6": 7,
      "7": 7,
      "8": 7,
      "9": 7,
      "10": 3,
      "11": 3,
      "12": 7,
      "13": 7,
      "14": 7,
      "15": 1
    },
    "f": { "0": 7 },
    "b": { "0": [0], "1": [1], "2": [1, 6], "3": [3, 4] },
    "_coverageSchema": "1a1c01bbd47fc00a2c39e90264f33305004495a9",
    "hash": "1e8434937248c1c047bec531038fd9102c4ae292",
    "contentHash": "9a1e02e35505c6b9623a415e927187b45650660c4a758597978539cf63989182"
  }
}
